[16:26:47] ============================================================
[16:26:47] QUALITY PUSH v7 — Polish for 9.5/10
[16:26:47] ============================================================
[16:26:47] 
[1] Loading v6 scene...
[16:26:47]   [OK] Load quality_push_v6.blend
[16:26:47] 
[2] Hiding signal poles and visual noise...
[16:26:47]   [OK] Hide signal poles + floating objects
[16:26:47] 
[3] Fixing vehicle body colors...
[16:26:48]   [OK] Vehicle body colors (navy + burgundy)
[16:26:48] 
[4] Fixing pedestrian material...
[16:26:48]   [FAIL] Pedestrian/character materials
[16:26:48]         'bpy_prop_collection[key]: key "Subsurface Color" not found'
[16:26:48] 
[5] Adding road edge definition...
[16:26:48]   [OK] Road edge curbs
[16:26:48] 
[6] Cleaning up text objects...
[16:26:48]   [OK] Text cleanup
[16:26:48] 
[7] Adding atmospheric depth...
[16:26:48]   [OK] Atmospheric fog
[16:26:48] 
[8] Configuring Cycles 128spl...
[16:26:48]   [OK] Cycles config
[16:26:48] Rendering 1/6: Cam_BirdEye...
[16:28:17]   Done: Cam_BirdEye in 89s -> {'rendered': 'Cam_BirdEye', 'size_kb': 654}
[16:28:17] Rendering 2/6: Cam_DriverPOV...
[16:30:13]   Done: Cam_DriverPOV in 116s -> {'rendered': 'Cam_DriverPOV', 'size_kb': 779}
[16:30:13] Rendering 3/6: Cam_Orbit...
[16:31:55]   Done: Cam_Orbit in 102s -> {'rendered': 'Cam_Orbit', 'size_kb': 910}
[16:31:55] Rendering 4/6: Cam_Witness...
[16:33:07]   Done: Cam_Witness in 72s -> {'rendered': 'Cam_Witness', 'size_kb': 726}
[16:33:07] Rendering 5/6: Cam_Dramatic...
[16:34:40]   Done: Cam_Dramatic in 94s -> {'rendered': 'Cam_Dramatic', 'size_kb': 1010}
[16:34:40] Rendering 6/6: Cam_Wide...
[16:36:01]   Done: Cam_Wide in 81s -> {'rendered': 'Cam_Wide', 'size_kb': 632}
[16:36:01] Saving blend...
[16:36:01]   [OK] Save v7 blend
[16:36:01] === QUALITY PUSH v7 COMPLETE ===
