[16:37:52] ============================================================
[16:37:52] QUALITY PUSH v7b — v6 base + targeted fixes (NO FOG)
[16:37:52] ============================================================
[16:37:52] 
[1] Loading v6 scene (good baseline)...
[16:37:52]   [OK] Load v6 blend
[16:37:52] 
[2] Hiding signal poles...
[16:37:52]   [OK] Hide poles/signals/debris
[16:37:52] 
[3] Forcing vehicle body colors...
[16:37:52]   [OK] Vehicle navy + burgundy materials
[16:37:52] 
[4] Adding road edge curbs...
[16:37:52]   [OK] Road edge curbs
[16:37:52] 
[5] Cleaning text...
[16:37:53]   [OK] Text emission
[16:37:53] 
[6] Configuring Cycles...
[16:37:53]   [OK] Cycles 128spl
[16:37:53] Rendering 1/6: Cam_BirdEye...
[16:41:15]   Done: Cam_BirdEye in 203s -> {'rendered': 'Cam_BirdEye', 'size_kb': 2289}
[16:41:15] Rendering 2/6: Cam_DriverPOV...
[16:43:38]   Done: Cam_DriverPOV in 143s -> {'rendered': 'Cam_DriverPOV', 'size_kb': 2257}
[16:43:38] Rendering 3/6: Cam_Orbit...
[16:46:03]   Done: Cam_Orbit in 144s -> {'rendered': 'Cam_Orbit', 'size_kb': 2383}
[16:46:03] Rendering 4/6: Cam_Witness...
[16:47:21]   Done: Cam_Witness in 79s -> {'rendered': 'Cam_Witness', 'size_kb': 2069}
[16:47:21] Rendering 5/6: Cam_Dramatic...
[16:49:43]   Done: Cam_Dramatic in 142s -> {'rendered': 'Cam_Dramatic', 'size_kb': 2072}
[16:49:43] Rendering 6/6: Cam_Wide...
[16:51:05]   Done: Cam_Wide in 82s -> {'rendered': 'Cam_Wide', 'size_kb': 2247}
[16:51:05] Saving blend...
[16:51:06]   [OK] Save v7b
[16:51:06] === QUALITY PUSH v7b COMPLETE ===
